0 info it worked if it ends with ok
1 verbose cli [ '/usr/local/bin/node',
1 verbose cli   '/usr/local/bin/npm',
1 verbose cli   'i',
1 verbose cli   '--save',
1 verbose cli   'babel-preset',
1 verbose cli   'react',
1 verbose cli   'babel-preset-es2015' ]
2 info using npm@3.3.6
3 info using node@v5.0.0
4 silly loadCurrentTree Starting
5 silly install loadCurrentTree
6 silly install readLocalPackageData
7 silly fetchPackageMetaData babel-preset
8 silly fetchPackageMetaData react@^0.14.7
9 silly fetchPackageMetaData babel-preset-es2015@^6.6.0
10 silly fetchNamedPackageData react
11 silly mapToRegistry name react
12 silly mapToRegistry using default registry
13 silly mapToRegistry registry https://registry.npmjs.org/
14 silly mapToRegistry uri https://registry.npmjs.org/react
15 silly fetchNamedPackageData babel-preset-es2015
16 silly mapToRegistry name babel-preset-es2015
17 silly mapToRegistry using default registry
18 silly mapToRegistry registry https://registry.npmjs.org/
19 silly mapToRegistry uri https://registry.npmjs.org/babel-preset-es2015
20 silly fetchNamedPackageData babel-preset
21 silly mapToRegistry name babel-preset
22 silly mapToRegistry using default registry
23 silly mapToRegistry registry https://registry.npmjs.org/
24 silly mapToRegistry uri https://registry.npmjs.org/babel-preset
25 verbose request uri https://registry.npmjs.org/babel-preset
26 verbose request no auth needed
27 info attempt registry request try #1 at 11:52:56 AM
28 verbose request id 20d4978bcd0c559c
29 http request GET https://registry.npmjs.org/babel-preset
30 verbose request uri https://registry.npmjs.org/react
31 verbose request no auth needed
32 info attempt registry request try #1 at 11:52:56 AM
33 verbose etag "ICB3WRTXGHSKBONJUGK66VPF"
34 http request GET https://registry.npmjs.org/react
35 verbose request uri https://registry.npmjs.org/babel-preset-es2015
36 verbose request no auth needed
37 info attempt registry request try #1 at 11:52:56 AM
38 verbose etag "92L4VA8G154A3UK8WTX0VBWCF"
39 http request GET https://registry.npmjs.org/babel-preset-es2015
40 http 304 https://registry.npmjs.org/react
41 verbose headers { date: 'Fri, 18 Mar 2016 08:52:57 GMT',
41 verbose headers   via: '1.1 varnish',
41 verbose headers   'cache-control': 'max-age=300',
41 verbose headers   etag: '"ICB3WRTXGHSKBONJUGK66VPF"',
41 verbose headers   age: '37',
41 verbose headers   connection: 'keep-alive',
41 verbose headers   'x-served-by': 'cache-ams4126-AMS',
41 verbose headers   'x-cache': 'HIT',
41 verbose headers   'x-cache-hits': '1',
41 verbose headers   'x-timer': 'S1458291177.109984,VS0,VE0',
41 verbose headers   vary: 'Accept' }
42 silly get cb [ 304,
42 silly get   { date: 'Fri, 18 Mar 2016 08:52:57 GMT',
42 silly get     via: '1.1 varnish',
42 silly get     'cache-control': 'max-age=300',
42 silly get     etag: '"ICB3WRTXGHSKBONJUGK66VPF"',
42 silly get     age: '37',
42 silly get     connection: 'keep-alive',
42 silly get     'x-served-by': 'cache-ams4126-AMS',
42 silly get     'x-cache': 'HIT',
42 silly get     'x-cache-hits': '1',
42 silly get     'x-timer': 'S1458291177.109984,VS0,VE0',
42 silly get     vary: 'Accept' } ]
43 verbose etag https://registry.npmjs.org/react from cache
44 verbose get saving react to /Users/bryomckim/.npm/registry.npmjs.org/react/.cache.json
45 http 304 https://registry.npmjs.org/babel-preset-es2015
46 verbose headers { date: 'Fri, 18 Mar 2016 08:52:57 GMT',
46 verbose headers   via: '1.1 varnish',
46 verbose headers   'cache-control': 'max-age=300',
46 verbose headers   etag: '"92L4VA8G154A3UK8WTX0VBWCF"',
46 verbose headers   age: '182',
46 verbose headers   connection: 'keep-alive',
46 verbose headers   'x-served-by': 'cache-sin6921-SIN',
46 verbose headers   'x-cache': 'HIT',
46 verbose headers   'x-cache-hits': '77',
46 verbose headers   'x-timer': 'S1458291177.436066,VS0,VE0',
46 verbose headers   vary: 'Accept' }
47 silly get cb [ 304,
47 silly get   { date: 'Fri, 18 Mar 2016 08:52:57 GMT',
47 silly get     via: '1.1 varnish',
47 silly get     'cache-control': 'max-age=300',
47 silly get     etag: '"92L4VA8G154A3UK8WTX0VBWCF"',
47 silly get     age: '182',
47 silly get     connection: 'keep-alive',
47 silly get     'x-served-by': 'cache-sin6921-SIN',
47 silly get     'x-cache': 'HIT',
47 silly get     'x-cache-hits': '77',
47 silly get     'x-timer': 'S1458291177.436066,VS0,VE0',
47 silly get     vary: 'Accept' } ]
48 verbose etag https://registry.npmjs.org/babel-preset-es2015 from cache
49 verbose get saving babel-preset-es2015 to /Users/bryomckim/.npm/registry.npmjs.org/babel-preset-es2015/.cache.json
50 http 404 https://registry.npmjs.org/babel-preset
51 verbose headers { 'content-type': 'application/json',
51 verbose headers   'cache-control': 'max-age=0',
51 verbose headers   'content-length': '2',
51 verbose headers   'accept-ranges': 'bytes',
51 verbose headers   date: 'Fri, 18 Mar 2016 08:52:57 GMT',
51 verbose headers   via: '1.1 varnish',
51 verbose headers   age: '0',
51 verbose headers   connection: 'keep-alive',
51 verbose headers   'x-served-by': 'cache-sin6925-SIN',
51 verbose headers   'x-cache': 'MISS',
51 verbose headers   'x-cache-hits': '0',
51 verbose headers   'x-timer': 'S1458291177.424220,VS0,VE249' }
52 silly get cb [ 404,
52 silly get   { 'content-type': 'application/json',
52 silly get     'cache-control': 'max-age=0',
52 silly get     'content-length': '2',
52 silly get     'accept-ranges': 'bytes',
52 silly get     date: 'Fri, 18 Mar 2016 08:52:57 GMT',
52 silly get     via: '1.1 varnish',
52 silly get     age: '0',
52 silly get     connection: 'keep-alive',
52 silly get     'x-served-by': 'cache-sin6925-SIN',
52 silly get     'x-cache': 'MISS',
52 silly get     'x-cache-hits': '0',
52 silly get     'x-timer': 'S1458291177.424220,VS0,VE249' } ]
53 silly fetchPackageMetaData Error: Registry returned 404 for GET on https://registry.npmjs.org/babel-preset
53 silly fetchPackageMetaData     at makeError (/usr/local/lib/node_modules/npm/node_modules/npm-registry-client/lib/request.js:264:12)
53 silly fetchPackageMetaData     at CachingRegistryClient.<anonymous> (/usr/local/lib/node_modules/npm/node_modules/npm-registry-client/lib/request.js:242:14)
53 silly fetchPackageMetaData     at Request._callback (/usr/local/lib/node_modules/npm/node_modules/npm-registry-client/lib/request.js:172:14)
53 silly fetchPackageMetaData     at Request.self.callback (/usr/local/lib/node_modules/npm/node_modules/request/request.js:198:22)
53 silly fetchPackageMetaData     at emitTwo (events.js:87:13)
53 silly fetchPackageMetaData     at Request.emit (events.js:172:7)
53 silly fetchPackageMetaData     at Request.<anonymous> (/usr/local/lib/node_modules/npm/node_modules/request/request.js:1063:14)
53 silly fetchPackageMetaData     at emitOne (events.js:82:20)
53 silly fetchPackageMetaData     at Request.emit (events.js:169:7)
53 silly fetchPackageMetaData     at IncomingMessage.<anonymous> (/usr/local/lib/node_modules/npm/node_modules/request/request.js:1009:12)
53 silly fetchPackageMetaData  error for babel-preset { [Error: Registry returned 404 for GET on https://registry.npmjs.org/babel-preset] pkgid: 'babel-preset', statusCode: 404, code: 'E404' }
54 silly rollbackFailedOptional Starting
55 silly rollbackFailedOptional Finishing
56 silly runTopLevelLifecycles Starting
57 silly runTopLevelLifecycles Finishing
58 silly install printInstalled
59 verbose stack Error: Registry returned 404 for GET on https://registry.npmjs.org/babel-preset
59 verbose stack     at makeError (/usr/local/lib/node_modules/npm/node_modules/npm-registry-client/lib/request.js:264:12)
59 verbose stack     at CachingRegistryClient.<anonymous> (/usr/local/lib/node_modules/npm/node_modules/npm-registry-client/lib/request.js:242:14)
59 verbose stack     at Request._callback (/usr/local/lib/node_modules/npm/node_modules/npm-registry-client/lib/request.js:172:14)
59 verbose stack     at Request.self.callback (/usr/local/lib/node_modules/npm/node_modules/request/request.js:198:22)
59 verbose stack     at emitTwo (events.js:87:13)
59 verbose stack     at Request.emit (events.js:172:7)
59 verbose stack     at Request.<anonymous> (/usr/local/lib/node_modules/npm/node_modules/request/request.js:1063:14)
59 verbose stack     at emitOne (events.js:82:20)
59 verbose stack     at Request.emit (events.js:169:7)
59 verbose stack     at IncomingMessage.<anonymous> (/usr/local/lib/node_modules/npm/node_modules/request/request.js:1009:12)
60 verbose statusCode 404
61 verbose pkgid babel-preset
62 verbose cwd /Users/bryomckim/Andela/tutorials/rgrjs
63 error Darwin 15.3.0
64 error argv "/usr/local/bin/node" "/usr/local/bin/npm" "i" "--save" "babel-preset" "react" "babel-preset-es2015"
65 error node v5.0.0
66 error npm  v3.3.6
67 error code E404
68 error 404 Registry returned 404 for GET on https://registry.npmjs.org/babel-preset
68 error 404
68 error 404 'babel-preset' is not in the npm registry.
68 error 404 You should bug the author to publish it (or use the name yourself!)
68 error 404
68 error 404 Note that you can also install from a
68 error 404 tarball, folder, http url, or git url.
69 verbose exit [ 1, true ]
